Using Spark's default log4j profile: org/apache/spark/log4j-defaults.properties
20/11/07 16:02:09 INFO SparkContext: Running Spark version 1.5.2
20/11/07 16:02:09 WARN NativeCodeLoader: Unable to load native-hadoop library for your platform... using builtin-java classes where applicable
20/11/07 16:02:10 INFO SecurityManager: Changing view acls to: rxs4020
20/11/07 16:02:10 INFO SecurityManager: Changing modify acls to: rxs4020
20/11/07 16:02:10 INFO SecurityManager: SecurityManager: authentication disabled; ui acls disabled; users with view permissions: Set(rxs4020); users with modify permissions: Set(rxs4020)
20/11/07 16:02:10 INFO Slf4jLogger: Slf4jLogger started
20/11/07 16:02:10 INFO Remoting: Starting remoting
20/11/07 16:02:10 INFO Remoting: Remoting started; listening on addresses :[akka.tcp://sparkDriver@198.202.116.108:41740]
20/11/07 16:02:10 INFO Utils: Successfully started service 'sparkDriver' on port 41740.
20/11/07 16:02:10 INFO SparkEnv: Registering MapOutputTracker
20/11/07 16:02:10 INFO SparkEnv: Registering BlockManagerMaster
20/11/07 16:02:10 INFO DiskBlockManager: Created local directory at /tmp/blockmgr-dc93473c-5729-424b-88fc-833809262de2
20/11/07 16:02:10 INFO MemoryStore: MemoryStore started with capacity 530.0 MB
20/11/07 16:02:10 INFO HttpFileServer: HTTP File server directory is /tmp/spark-87d192b7-7967-42fc-8872-e9f73bc5bc09/httpd-a217c25c-000b-4a55-bc9a-2cf96b21d493
20/11/07 16:02:10 INFO HttpServer: Starting HTTP Server
20/11/07 16:02:10 INFO Utils: Successfully started service 'HTTP file server' on port 37239.
20/11/07 16:02:10 INFO SparkEnv: Registering OutputCommitCoordinator
20/11/07 16:02:10 INFO Utils: Successfully started service 'SparkUI' on port 4040.
20/11/07 16:02:10 INFO SparkUI: Started SparkUI at http://198.202.116.108:4040
20/11/07 16:02:10 INFO SparkContext: Added JAR file:/home/rxs4020/project5/partition.jar at http://198.202.116.108:37239/jars/partition.jar with timestamp 1604793730921
20/11/07 16:02:10 WARN MetricsSystem: Using default name DAGScheduler for source because spark.app.id is not set.
20/11/07 16:02:10 INFO Executor: Starting executor ID driver on host localhost
20/11/07 16:02:11 INFO Utils: Successfully started service 'org.apache.spark.network.netty.NettyBlockTransferService' on port 45385.
20/11/07 16:02:11 INFO NettyBlockTransferService: Server created on 45385
20/11/07 16:02:11 INFO BlockManagerMaster: Trying to register BlockManager
20/11/07 16:02:11 INFO BlockManagerMasterEndpoint: Registering block manager localhost:45385 with 530.0 MB RAM, BlockManagerId(driver, localhost, 45385)
20/11/07 16:02:11 INFO BlockManagerMaster: Registered BlockManager
20/11/07 16:02:11 INFO MemoryStore: ensureFreeSpace(120040) called with curMem=0, maxMem=555755765
20/11/07 16:02:11 INFO MemoryStore: Block broadcast_0 stored as values in memory (estimated size 117.2 KB, free 529.9 MB)
20/11/07 16:02:11 INFO MemoryStore: ensureFreeSpace(12673) called with curMem=120040, maxMem=555755765
20/11/07 16:02:11 INFO MemoryStore: Block broadcast_0_piece0 stored as bytes in memory (estimated size 12.4 KB, free 529.9 MB)
20/11/07 16:02:11 INFO BlockManagerInfo: Added broadcast_0_piece0 in memory on localhost:45385 (size: 12.4 KB, free: 530.0 MB)
20/11/07 16:02:11 INFO SparkContext: Created broadcast 0 from textFile at Partition.scala:37
20/11/07 16:02:11 INFO FileInputFormat: Total input paths to process : 1
20/11/07 16:02:11 INFO SparkContext: Starting job: collect at Partition.scala:56
20/11/07 16:02:11 INFO DAGScheduler: Registering RDD 7 (map at Partition.scala:52)
20/11/07 16:02:11 INFO DAGScheduler: Registering RDD 5 (flatMap at Partition.scala:50)
20/11/07 16:02:11 INFO DAGScheduler: Registering RDD 12 (flatMap at Partition.scala:50)
20/11/07 16:02:11 INFO MapOutputTrackerMaster: Size of output statuses for shuffle 7 is 85 bytes
20/11/07 16:02:11 INFO MapOutputTrackerMaster: Size of output statuses for shuffle 0 is 85 bytes
20/11/07 16:02:11 INFO DAGScheduler: Registering RDD 14 (map at Partition.scala:52)
20/11/07 16:02:11 INFO DAGScheduler: Registering RDD 21 (map at Partition.scala:52)
20/11/07 16:02:11 INFO DAGScheduler: Registering RDD 19 (flatMap at Partition.scala:50)
20/11/07 16:02:11 INFO DAGScheduler: Registering RDD 26 (flatMap at Partition.scala:50)
20/11/07 16:02:11 INFO MapOutputTrackerMaster: Size of output statuses for shuffle 9 is 85 bytes
20/11/07 16:02:11 INFO MapOutputTrackerMaster: Size of output statuses for shuffle 8 is 85 bytes
20/11/07 16:02:11 INFO MapOutputTrackerMaster: Size of output statuses for shuffle 1 is 85 bytes
20/11/07 16:02:11 INFO MapOutputTrackerMaster: Size of output statuses for shuffle 2 is 85 bytes
20/11/07 16:02:11 INFO DAGScheduler: Registering RDD 28 (map at Partition.scala:52)
20/11/07 16:02:11 INFO DAGScheduler: Registering RDD 35 (map at Partition.scala:52)
20/11/07 16:02:11 INFO DAGScheduler: Registering RDD 33 (flatMap at Partition.scala:50)
20/11/07 16:02:11 INFO DAGScheduler: Registering RDD 40 (flatMap at Partition.scala:50)
20/11/07 16:02:11 INFO MapOutputTrackerMaster: Size of output statuses for shuffle 11 is 85 bytes
20/11/07 16:02:11 INFO MapOutputTrackerMaster: Size of output statuses for shuffle 10 is 85 bytes
20/11/07 16:02:11 INFO MapOutputTrackerMaster: Size of output statuses for shuffle 3 is 85 bytes
20/11/07 16:02:11 INFO MapOutputTrackerMaster: Size of output statuses for shuffle 4 is 85 bytes
20/11/07 16:02:11 INFO DAGScheduler: Registering RDD 42 (map at Partition.scala:52)
20/11/07 16:02:11 INFO DAGScheduler: Registering RDD 47 (map at Partition.scala:56)
20/11/07 16:02:11 INFO DAGScheduler: Got job 0 (collect at Partition.scala:56) with 2 output partitions
20/11/07 16:02:11 INFO DAGScheduler: Final stage: ResultStage 31(collect at Partition.scala:56)
20/11/07 16:02:11 INFO DAGScheduler: Parents of final stage: List(ShuffleMapStage 30)
20/11/07 16:02:11 INFO DAGScheduler: Missing parents: List(ShuffleMapStage 30)
20/11/07 16:02:11 INFO DAGScheduler: Submitting ShuffleMapStage 23 (MapPartitionsRDD[5] at flatMap at Partition.scala:50), which has no missing parents
20/11/07 16:02:11 INFO MemoryStore: ensureFreeSpace(4456) called with curMem=132713, maxMem=555755765
20/11/07 16:02:11 INFO MemoryStore: Block broadcast_1 stored as values in memory (estimated size 4.4 KB, free 529.9 MB)
20/11/07 16:02:11 INFO MemoryStore: ensureFreeSpace(2452) called with curMem=137169, maxMem=555755765
20/11/07 16:02:11 INFO MemoryStore: Block broadcast_1_piece0 stored as bytes in memory (estimated size 2.4 KB, free 529.9 MB)
20/11/07 16:02:11 INFO BlockManagerInfo: Added broadcast_1_piece0 in memory on localhost:45385 (size: 2.4 KB, free: 530.0 MB)
20/11/07 16:02:11 INFO SparkContext: Created broadcast 1 from broadcast at DAGScheduler.scala:861
20/11/07 16:02:11 INFO DAGScheduler: Submitting 2 missing tasks from ShuffleMapStage 23 (MapPartitionsRDD[5] at flatMap at Partition.scala:50)
20/11/07 16:02:11 INFO TaskSchedulerImpl: Adding task set 23.0 with 2 tasks
20/11/07 16:02:11 INFO DAGScheduler: Submitting ShuffleMapStage 24 (MapPartitionsRDD[7] at map at Partition.scala:52), which has no missing parents
20/11/07 16:02:12 INFO MemoryStore: ensureFreeSpace(4056) called with curMem=139621, maxMem=555755765
20/11/07 16:02:12 INFO MemoryStore: Block broadcast_2 stored as values in memory (estimated size 4.0 KB, free 529.9 MB)
20/11/07 16:02:12 INFO MemoryStore: ensureFreeSpace(2292) called with curMem=143677, maxMem=555755765
20/11/07 16:02:12 INFO MemoryStore: Block broadcast_2_piece0 stored as bytes in memory (estimated size 2.2 KB, free 529.9 MB)
20/11/07 16:02:12 INFO BlockManagerInfo: Added broadcast_2_piece0 in memory on localhost:45385 (size: 2.2 KB, free: 530.0 MB)
20/11/07 16:02:12 INFO SparkContext: Created broadcast 2 from broadcast at DAGScheduler.scala:861
20/11/07 16:02:12 INFO DAGScheduler: Submitting 2 missing tasks from ShuffleMapStage 24 (MapPartitionsRDD[7] at map at Partition.scala:52)
20/11/07 16:02:12 INFO TaskSchedulerImpl: Adding task set 24.0 with 2 tasks
20/11/07 16:02:12 INFO TaskSetManager: Starting task 0.0 in stage 23.0 (TID 0, localhost, PROCESS_LOCAL, 2198 bytes)
20/11/07 16:02:12 INFO TaskSetManager: Starting task 1.0 in stage 23.0 (TID 1, localhost, PROCESS_LOCAL, 2198 bytes)
20/11/07 16:02:12 INFO Executor: Running task 0.0 in stage 23.0 (TID 0)
20/11/07 16:02:12 INFO Executor: Fetching http://198.202.116.108:37239/jars/partition.jar with timestamp 1604793730921
20/11/07 16:02:12 INFO Executor: Running task 1.0 in stage 23.0 (TID 1)
20/11/07 16:02:12 INFO Utils: Fetching http://198.202.116.108:37239/jars/partition.jar to /tmp/spark-87d192b7-7967-42fc-8872-e9f73bc5bc09/userFiles-719e347d-59da-4244-8f9c-5f383ae80f75/fetchFileTemp3083586984520447305.tmp
20/11/07 16:02:12 INFO Executor: Adding file:/tmp/spark-87d192b7-7967-42fc-8872-e9f73bc5bc09/userFiles-719e347d-59da-4244-8f9c-5f383ae80f75/partition.jar to class loader
20/11/07 16:02:12 INFO HadoopRDD: Input split: file:/home/rxs4020/project5/small-graph.txt:1770+1771
20/11/07 16:02:12 INFO deprecation: mapred.tip.id is deprecated. Instead, use mapreduce.task.id
20/11/07 16:02:12 INFO deprecation: mapred.task.id is deprecated. Instead, use mapreduce.task.attempt.id
20/11/07 16:02:12 INFO deprecation: mapred.task.is.map is deprecated. Instead, use mapreduce.task.ismap
20/11/07 16:02:12 INFO deprecation: mapred.task.partition is deprecated. Instead, use mapreduce.task.partition
20/11/07 16:02:12 INFO deprecation: mapred.job.id is deprecated. Instead, use mapreduce.job.id
20/11/07 16:02:12 INFO HadoopRDD: Input split: file:/home/rxs4020/project5/small-graph.txt:0+1770
20/11/07 16:02:12 INFO Executor: Finished task 0.0 in stage 23.0 (TID 0). 2254 bytes result sent to driver
20/11/07 16:02:12 INFO Executor: Finished task 1.0 in stage 23.0 (TID 1). 2254 bytes result sent to driver
20/11/07 16:02:12 INFO TaskSetManager: Starting task 0.0 in stage 24.0 (TID 2, localhost, PROCESS_LOCAL, 2198 bytes)
20/11/07 16:02:12 INFO Executor: Running task 0.0 in stage 24.0 (TID 2)
20/11/07 16:02:12 INFO HadoopRDD: Input split: file:/home/rxs4020/project5/small-graph.txt:0+1770
20/11/07 16:02:12 INFO Executor: Finished task 0.0 in stage 24.0 (TID 2). 2254 bytes result sent to driver
20/11/07 16:02:12 INFO TaskSetManager: Starting task 1.0 in stage 24.0 (TID 3, localhost, PROCESS_LOCAL, 2198 bytes)
20/11/07 16:02:12 INFO Executor: Running task 1.0 in stage 24.0 (TID 3)
20/11/07 16:02:12 INFO HadoopRDD: Input split: file:/home/rxs4020/project5/small-graph.txt:1770+1771
20/11/07 16:02:12 INFO Executor: Finished task 1.0 in stage 24.0 (TID 3). 2254 bytes result sent to driver
20/11/07 16:02:12 INFO TaskSetManager: Finished task 0.0 in stage 23.0 (TID 0) in 252 ms on localhost (1/2)
20/11/07 16:02:12 INFO TaskSetManager: Finished task 1.0 in stage 23.0 (TID 1) in 225 ms on localhost (2/2)
20/11/07 16:02:12 INFO TaskSchedulerImpl: Removed TaskSet 23.0, whose tasks have all completed, from pool 
20/11/07 16:02:12 INFO TaskSetManager: Finished task 0.0 in stage 24.0 (TID 2) in 28 ms on localhost (1/2)
20/11/07 16:02:12 INFO TaskSetManager: Finished task 1.0 in stage 24.0 (TID 3) in 14 ms on localhost (2/2)
20/11/07 16:02:12 INFO TaskSchedulerImpl: Removed TaskSet 24.0, whose tasks have all completed, from pool 
20/11/07 16:02:12 INFO DAGScheduler: ShuffleMapStage 23 (flatMap at Partition.scala:50) finished in 0.246 s
20/11/07 16:02:12 INFO DAGScheduler: looking for newly runnable stages
20/11/07 16:02:12 INFO DAGScheduler: running: Set(ShuffleMapStage 24)
20/11/07 16:02:12 INFO DAGScheduler: waiting: Set(ShuffleMapStage 30, ShuffleMapStage 27, ShuffleMapStage 19, ResultStage 31, ShuffleMapStage 20, ShuffleMapStage 21, ShuffleMapStage 18, ShuffleMapStage 28, ShuffleMapStage 25, ShuffleMapStage 22, ShuffleMapStage 29, ShuffleMapStage 26)
20/11/07 16:02:12 INFO DAGScheduler: failed: Set()
20/11/07 16:02:12 INFO DAGScheduler: Missing parents for ShuffleMapStage 30: List(ShuffleMapStage 18, ShuffleMapStage 29)
20/11/07 16:02:12 INFO DAGScheduler: Missing parents for ShuffleMapStage 27: List(ShuffleMapStage 21, ShuffleMapStage 26)
20/11/07 16:02:12 INFO DAGScheduler: Missing parents for ShuffleMapStage 19: List(ShuffleMapStage 27, ShuffleMapStage 20)
20/11/07 16:02:12 INFO DAGScheduler: Missing parents for ResultStage 31: List(ShuffleMapStage 30)
20/11/07 16:02:12 INFO DAGScheduler: Missing parents for ShuffleMapStage 20: List(ShuffleMapStage 21, ShuffleMapStage 26)
20/11/07 16:02:12 INFO DAGScheduler: Missing parents for ShuffleMapStage 21: List(ShuffleMapStage 25, ShuffleMapStage 22)
20/11/07 16:02:12 INFO DAGScheduler: Missing parents for ShuffleMapStage 18: List(ShuffleMapStage 19, ShuffleMapStage 28)
20/11/07 16:02:12 INFO DAGScheduler: Missing parents for ShuffleMapStage 28: List(ShuffleMapStage 27, ShuffleMapStage 20)
20/11/07 16:02:12 INFO DAGScheduler: Missing parents for ShuffleMapStage 25: List(ShuffleMapStage 24)
20/11/07 16:02:12 INFO DAGScheduler: Missing parents for ShuffleMapStage 22: List(ShuffleMapStage 24)
20/11/07 16:02:12 INFO DAGScheduler: Missing parents for ShuffleMapStage 29: List(ShuffleMapStage 19, ShuffleMapStage 28)
20/11/07 16:02:12 INFO DAGScheduler: Missing parents for ShuffleMapStage 26: List(ShuffleMapStage 25, ShuffleMapStage 22)
20/11/07 16:02:12 INFO DAGScheduler: ShuffleMapStage 24 (map at Partition.scala:52) finished in 0.230 s
20/11/07 16:02:12 INFO DAGScheduler: looking for newly runnable stages
20/11/07 16:02:12 INFO DAGScheduler: running: Set()
20/11/07 16:02:12 INFO DAGScheduler: waiting: Set(ShuffleMapStage 30, ShuffleMapStage 27, ShuffleMapStage 19, ResultStage 31, ShuffleMapStage 20, ShuffleMapStage 21, ShuffleMapStage 18, ShuffleMapStage 28, ShuffleMapStage 25, ShuffleMapStage 22, ShuffleMapStage 29, ShuffleMapStage 26)
20/11/07 16:02:12 INFO DAGScheduler: failed: Set()
20/11/07 16:02:12 INFO DAGScheduler: Missing parents for ShuffleMapStage 30: List(ShuffleMapStage 18, ShuffleMapStage 29)
20/11/07 16:02:12 INFO DAGScheduler: Missing parents for ShuffleMapStage 27: List(ShuffleMapStage 21, ShuffleMapStage 26)
20/11/07 16:02:12 INFO DAGScheduler: Missing parents for ShuffleMapStage 19: List(ShuffleMapStage 27, ShuffleMapStage 20)
20/11/07 16:02:12 INFO DAGScheduler: Missing parents for ResultStage 31: List(ShuffleMapStage 30)
20/11/07 16:02:12 INFO DAGScheduler: Missing parents for ShuffleMapStage 20: List(ShuffleMapStage 21, ShuffleMapStage 26)
20/11/07 16:02:12 INFO DAGScheduler: Missing parents for ShuffleMapStage 21: List(ShuffleMapStage 25, ShuffleMapStage 22)
20/11/07 16:02:12 INFO DAGScheduler: Missing parents for ShuffleMapStage 18: List(ShuffleMapStage 19, ShuffleMapStage 28)
20/11/07 16:02:12 INFO DAGScheduler: Missing parents for ShuffleMapStage 28: List(ShuffleMapStage 27, ShuffleMapStage 20)
20/11/07 16:02:12 INFO DAGScheduler: Missing parents for ShuffleMapStage 25: List()
20/11/07 16:02:12 INFO DAGScheduler: Missing parents for ShuffleMapStage 22: List()
20/11/07 16:02:12 INFO DAGScheduler: Missing parents for ShuffleMapStage 29: List(ShuffleMapStage 19, ShuffleMapStage 28)
20/11/07 16:02:12 INFO DAGScheduler: Missing parents for ShuffleMapStage 26: List(ShuffleMapStage 25, ShuffleMapStage 22)
20/11/07 16:02:12 INFO DAGScheduler: Submitting ShuffleMapStage 22 (MapPartitionsRDD[12] at flatMap at Partition.scala:50), which is now runnable
20/11/07 16:02:12 INFO MemoryStore: ensureFreeSpace(3624) called with curMem=145969, maxMem=555755765
20/11/07 16:02:12 INFO MemoryStore: Block broadcast_3 stored as values in memory (estimated size 3.5 KB, free 529.9 MB)
20/11/07 16:02:12 INFO MemoryStore: ensureFreeSpace(1835) called with curMem=149593, maxMem=555755765
20/11/07 16:02:12 INFO MemoryStore: Block broadcast_3_piece0 stored as bytes in memory (estimated size 1835.0 B, free 529.9 MB)
20/11/07 16:02:12 INFO BlockManagerInfo: Added broadcast_3_piece0 in memory on localhost:45385 (size: 1835.0 B, free: 530.0 MB)
20/11/07 16:02:12 INFO SparkContext: Created broadcast 3 from broadcast at DAGScheduler.scala:861
20/11/07 16:02:12 INFO DAGScheduler: Submitting 2 missing tasks from ShuffleMapStage 22 (MapPartitionsRDD[12] at flatMap at Partition.scala:50)
20/11/07 16:02:12 INFO TaskSchedulerImpl: Adding task set 22.0 with 2 tasks
20/11/07 16:02:12 INFO TaskSetManager: Starting task 0.0 in stage 22.0 (TID 4, localhost, PROCESS_LOCAL, 2174 bytes)
20/11/07 16:02:12 INFO TaskSetManager: Starting task 1.0 in stage 22.0 (TID 5, localhost, PROCESS_LOCAL, 2174 bytes)
20/11/07 16:02:12 INFO Executor: Running task 0.0 in stage 22.0 (TID 4)
20/11/07 16:02:12 INFO Executor: Running task 1.0 in stage 22.0 (TID 5)
20/11/07 16:02:12 INFO ShuffleBlockFetcherIterator: Getting 2 non-empty blocks out of 2 blocks
20/11/07 16:02:12 INFO ShuffleBlockFetcherIterator: Started 0 remote fetches in 3 ms
20/11/07 16:02:12 INFO ShuffleBlockFetcherIterator: Getting 2 non-empty blocks out of 2 blocks
20/11/07 16:02:12 INFO ShuffleBlockFetcherIterator: Started 0 remote fetches in 7 ms
20/11/07 16:02:12 INFO ShuffleBlockFetcherIterator: Getting 2 non-empty blocks out of 2 blocks
20/11/07 16:02:12 INFO ShuffleBlockFetcherIterator: Started 0 remote fetches in 1 ms
20/11/07 16:02:12 INFO ShuffleBlockFetcherIterator: Getting 2 non-empty blocks out of 2 blocks
20/11/07 16:02:12 INFO ShuffleBlockFetcherIterator: Started 0 remote fetches in 0 ms
20/11/07 16:02:12 INFO DAGScheduler: Submitting ShuffleMapStage 25 (MapPartitionsRDD[14] at map at Partition.scala:52), which is now runnable
20/11/07 16:02:12 INFO MemoryStore: ensureFreeSpace(3512) called with curMem=151428, maxMem=555755765
20/11/07 16:02:12 INFO MemoryStore: Block broadcast_4 stored as values in memory (estimated size 3.4 KB, free 529.9 MB)
20/11/07 16:02:12 INFO MemoryStore: ensureFreeSpace(1803) called with curMem=154940, maxMem=555755765
20/11/07 16:02:12 INFO MemoryStore: Block broadcast_4_piece0 stored as bytes in memory (estimated size 1803.0 B, free 529.9 MB)
20/11/07 16:02:12 INFO BlockManagerInfo: Added broadcast_4_piece0 in memory on localhost:45385 (size: 1803.0 B, free: 530.0 MB)
20/11/07 16:02:12 INFO SparkContext: Created broadcast 4 from broadcast at DAGScheduler.scala:861
20/11/07 16:02:12 INFO DAGScheduler: Submitting 2 missing tasks from ShuffleMapStage 25 (MapPartitionsRDD[14] at map at Partition.scala:52)
20/11/07 16:02:12 INFO TaskSchedulerImpl: Adding task set 25.0 with 2 tasks
20/11/07 16:02:12 INFO Executor: Finished task 0.0 in stage 22.0 (TID 4). 1375 bytes result sent to driver
20/11/07 16:02:12 INFO Executor: Finished task 1.0 in stage 22.0 (TID 5). 1375 bytes result sent to driver
20/11/07 16:02:12 INFO TaskSetManager: Starting task 0.0 in stage 25.0 (TID 6, localhost, PROCESS_LOCAL, 2174 bytes)
20/11/07 16:02:12 INFO TaskSetManager: Starting task 1.0 in stage 25.0 (TID 7, localhost, PROCESS_LOCAL, 2174 bytes)
20/11/07 16:02:12 INFO Executor: Running task 0.0 in stage 25.0 (TID 6)
20/11/07 16:02:12 INFO ShuffleBlockFetcherIterator: Getting 2 non-empty blocks out of 2 blocks
20/11/07 16:02:12 INFO ShuffleBlockFetcherIterator: Started 0 remote fetches in 0 ms
20/11/07 16:02:12 INFO ShuffleBlockFetcherIterator: Getting 2 non-empty blocks out of 2 blocks
20/11/07 16:02:12 INFO ShuffleBlockFetcherIterator: Started 0 remote fetches in 0 ms
20/11/07 16:02:12 INFO Executor: Finished task 0.0 in stage 25.0 (TID 6). 1375 bytes result sent to driver
20/11/07 16:02:12 INFO TaskSetManager: Finished task 0.0 in stage 22.0 (TID 4) in 101 ms on localhost (1/2)
20/11/07 16:02:12 INFO TaskSetManager: Finished task 1.0 in stage 22.0 (TID 5) in 98 ms on localhost (2/2)
20/11/07 16:02:12 INFO TaskSchedulerImpl: Removed TaskSet 22.0, whose tasks have all completed, from pool 
20/11/07 16:02:12 INFO DAGScheduler: ShuffleMapStage 22 (flatMap at Partition.scala:50) finished in 0.070 s
20/11/07 16:02:12 INFO DAGScheduler: looking for newly runnable stages
20/11/07 16:02:12 INFO DAGScheduler: running: Set(ShuffleMapStage 25)
20/11/07 16:02:12 INFO DAGScheduler: waiting: Set(ShuffleMapStage 30, ShuffleMapStage 27, ShuffleMapStage 19, ResultStage 31, ShuffleMapStage 20, ShuffleMapStage 21, ShuffleMapStage 18, ShuffleMapStage 28, ShuffleMapStage 29, ShuffleMapStage 26)
20/11/07 16:02:12 INFO DAGScheduler: failed: Set()
20/11/07 16:02:12 INFO DAGScheduler: Missing parents for ShuffleMapStage 30: List(ShuffleMapStage 18, ShuffleMapStage 29)
20/11/07 16:02:12 INFO TaskSetManager: Finished task 0.0 in stage 25.0 (TID 6) in 15 ms on localhost (1/2)
20/11/07 16:02:12 INFO DAGScheduler: Missing parents for ShuffleMapStage 27: List(ShuffleMapStage 21, ShuffleMapStage 26)
20/11/07 16:02:12 INFO DAGScheduler: Missing parents for ShuffleMapStage 19: List(ShuffleMapStage 27, ShuffleMapStage 20)
20/11/07 16:02:12 INFO DAGScheduler: Missing parents for ResultStage 31: List(ShuffleMapStage 30)
20/11/07 16:02:12 INFO Executor: Running task 1.0 in stage 25.0 (TID 7)
20/11/07 16:02:12 INFO DAGScheduler: Missing parents for ShuffleMapStage 20: List(ShuffleMapStage 21, ShuffleMapStage 26)
20/11/07 16:02:12 INFO DAGScheduler: Missing parents for ShuffleMapStage 21: List(ShuffleMapStage 25)
20/11/07 16:02:12 INFO DAGScheduler: Missing parents for ShuffleMapStage 18: List(ShuffleMapStage 19, ShuffleMapStage 28)
20/11/07 16:02:12 INFO DAGScheduler: Missing parents for ShuffleMapStage 28: List(ShuffleMapStage 27, ShuffleMapStage 20)
20/11/07 16:02:12 INFO DAGScheduler: Missing parents for ShuffleMapStage 29: List(ShuffleMapStage 19, ShuffleMapStage 28)
20/11/07 16:02:12 INFO DAGScheduler: Missing parents for ShuffleMapStage 26: List(ShuffleMapStage 25)
20/11/07 16:02:12 INFO ShuffleBlockFetcherIterator: Getting 2 non-empty blocks out of 2 blocks
20/11/07 16:02:12 INFO ShuffleBlockFetcherIterator: Started 0 remote fetches in 0 ms
20/11/07 16:02:12 INFO ShuffleBlockFetcherIterator: Getting 2 non-empty blocks out of 2 blocks
20/11/07 16:02:12 INFO ShuffleBlockFetcherIterator: Started 0 remote fetches in 0 ms
20/11/07 16:02:12 INFO Executor: Finished task 1.0 in stage 25.0 (TID 7). 1375 bytes result sent to driver
20/11/07 16:02:12 INFO TaskSetManager: Finished task 1.0 in stage 25.0 (TID 7) in 30 ms on localhost (2/2)
20/11/07 16:02:12 INFO DAGScheduler: ShuffleMapStage 25 (map at Partition.scala:52) finished in 0.077 s
20/11/07 16:02:12 INFO TaskSchedulerImpl: Removed TaskSet 25.0, whose tasks have all completed, from pool 
20/11/07 16:02:12 INFO DAGScheduler: looking for newly runnable stages
20/11/07 16:02:12 INFO DAGScheduler: running: Set()
20/11/07 16:02:12 INFO DAGScheduler: waiting: Set(ShuffleMapStage 30, ShuffleMapStage 27, ShuffleMapStage 19, ResultStage 31, ShuffleMapStage 20, ShuffleMapStage 21, ShuffleMapStage 18, ShuffleMapStage 28, ShuffleMapStage 29, ShuffleMapStage 26)
20/11/07 16:02:12 INFO DAGScheduler: failed: Set()
20/11/07 16:02:12 INFO DAGScheduler: Missing parents for ShuffleMapStage 30: List(ShuffleMapStage 18, ShuffleMapStage 29)
20/11/07 16:02:12 INFO DAGScheduler: Missing parents for ShuffleMapStage 27: List(ShuffleMapStage 21, ShuffleMapStage 26)
20/11/07 16:02:12 INFO DAGScheduler: Missing parents for ShuffleMapStage 19: List(ShuffleMapStage 27, ShuffleMapStage 20)
20/11/07 16:02:12 INFO DAGScheduler: Missing parents for ResultStage 31: List(ShuffleMapStage 30)
20/11/07 16:02:12 INFO DAGScheduler: Missing parents for ShuffleMapStage 20: List(ShuffleMapStage 21, ShuffleMapStage 26)
20/11/07 16:02:12 INFO DAGScheduler: Missing parents for ShuffleMapStage 21: List()
20/11/07 16:02:12 INFO DAGScheduler: Missing parents for ShuffleMapStage 18: List(ShuffleMapStage 19, ShuffleMapStage 28)
20/11/07 16:02:12 INFO DAGScheduler: Missing parents for ShuffleMapStage 28: List(ShuffleMapStage 27, ShuffleMapStage 20)
20/11/07 16:02:12 INFO DAGScheduler: Missing parents for ShuffleMapStage 29: List(ShuffleMapStage 19, ShuffleMapStage 28)
20/11/07 16:02:12 INFO DAGScheduler: Missing parents for ShuffleMapStage 26: List()
20/11/07 16:02:12 INFO DAGScheduler: Submitting ShuffleMapStage 21 (MapPartitionsRDD[19] at flatMap at Partition.scala:50), which is now runnable
20/11/07 16:02:12 INFO MemoryStore: ensureFreeSpace(3624) called with curMem=156743, maxMem=555755765
20/11/07 16:02:12 INFO MemoryStore: Block broadcast_5 stored as values in memory (estimated size 3.5 KB, free 529.9 MB)
20/11/07 16:02:12 INFO MemoryStore: ensureFreeSpace(1852) called with curMem=160367, maxMem=555755765
20/11/07 16:02:12 INFO MemoryStore: Block broadcast_5_piece0 stored as bytes in memory (estimated size 1852.0 B, free 529.9 MB)
20/11/07 16:02:12 INFO BlockManagerInfo: Added broadcast_5_piece0 in memory on localhost:45385 (size: 1852.0 B, free: 530.0 MB)
20/11/07 16:02:12 INFO SparkContext: Created broadcast 5 from broadcast at DAGScheduler.scala:861
20/11/07 16:02:12 INFO DAGScheduler: Submitting 2 missing tasks from ShuffleMapStage 21 (MapPartitionsRDD[19] at flatMap at Partition.scala:50)
20/11/07 16:02:12 INFO TaskSchedulerImpl: Adding task set 21.0 with 2 tasks
20/11/07 16:02:12 INFO DAGScheduler: Submitting ShuffleMapStage 26 (MapPartitionsRDD[21] at map at Partition.scala:52), which is now runnable
20/11/07 16:02:12 INFO TaskSetManager: Starting task 0.0 in stage 21.0 (TID 8, localhost, PROCESS_LOCAL, 2174 bytes)
20/11/07 16:02:12 INFO TaskSetManager: Starting task 1.0 in stage 21.0 (TID 9, localhost, PROCESS_LOCAL, 2174 bytes)
20/11/07 16:02:12 INFO Executor: Running task 1.0 in stage 21.0 (TID 9)
20/11/07 16:02:12 INFO MemoryStore: ensureFreeSpace(3512) called with curMem=162219, maxMem=555755765
20/11/07 16:02:12 INFO MemoryStore: Block broadcast_6 stored as values in memory (estimated size 3.4 KB, free 529.9 MB)
20/11/07 16:02:12 INFO ShuffleBlockFetcherIterator: Getting 2 non-empty blocks out of 2 blocks
20/11/07 16:02:12 INFO ShuffleBlockFetcherIterator: Started 0 remote fetches in 0 ms
20/11/07 16:02:12 INFO MemoryStore: ensureFreeSpace(1817) called with curMem=165731, maxMem=555755765
20/11/07 16:02:12 INFO MemoryStore: Block broadcast_6_piece0 stored as bytes in memory (estimated size 1817.0 B, free 529.9 MB)
20/11/07 16:02:12 INFO ShuffleBlockFetcherIterator: Getting 2 non-empty blocks out of 2 blocks
20/11/07 16:02:12 INFO BlockManagerInfo: Added broadcast_6_piece0 in memory on localhost:45385 (size: 1817.0 B, free: 530.0 MB)
20/11/07 16:02:12 INFO ShuffleBlockFetcherIterator: Started 0 remote fetches in 0 ms
20/11/07 16:02:12 INFO SparkContext: Created broadcast 6 from broadcast at DAGScheduler.scala:861
20/11/07 16:02:12 INFO DAGScheduler: Submitting 2 missing tasks from ShuffleMapStage 26 (MapPartitionsRDD[21] at map at Partition.scala:52)
20/11/07 16:02:12 INFO TaskSchedulerImpl: Adding task set 26.0 with 2 tasks
20/11/07 16:02:12 INFO Executor: Running task 0.0 in stage 21.0 (TID 8)
20/11/07 16:02:12 INFO ShuffleBlockFetcherIterator: Getting 2 non-empty blocks out of 2 blocks
20/11/07 16:02:12 INFO ShuffleBlockFetcherIterator: Started 0 remote fetches in 0 ms
20/11/07 16:02:12 INFO ShuffleBlockFetcherIterator: Getting 2 non-empty blocks out of 2 blocks
20/11/07 16:02:12 INFO ShuffleBlockFetcherIterator: Started 0 remote fetches in 0 ms
20/11/07 16:02:12 INFO Executor: Finished task 1.0 in stage 21.0 (TID 9). 1375 bytes result sent to driver
20/11/07 16:02:12 INFO TaskSetManager: Starting task 0.0 in stage 26.0 (TID 10, localhost, PROCESS_LOCAL, 2174 bytes)
20/11/07 16:02:12 INFO TaskSetManager: Finished task 1.0 in stage 21.0 (TID 9) in 25 ms on localhost (1/2)
20/11/07 16:02:12 INFO Executor: Running task 0.0 in stage 26.0 (TID 10)
20/11/07 16:02:12 INFO ShuffleBlockFetcherIterator: Getting 2 non-empty blocks out of 2 blocks
20/11/07 16:02:12 INFO ShuffleBlockFetcherIterator: Started 0 remote fetches in 0 ms
20/11/07 16:02:12 INFO ShuffleBlockFetcherIterator: Getting 2 non-empty blocks out of 2 blocks
20/11/07 16:02:12 INFO ShuffleBlockFetcherIterator: Started 0 remote fetches in 0 ms
20/11/07 16:02:12 INFO Executor: Finished task 0.0 in stage 21.0 (TID 8). 1375 bytes result sent to driver
20/11/07 16:02:12 INFO TaskSetManager: Starting task 1.0 in stage 26.0 (TID 11, localhost, PROCESS_LOCAL, 2174 bytes)
20/11/07 16:02:12 INFO TaskSetManager: Finished task 0.0 in stage 21.0 (TID 8) in 42 ms on localhost (2/2)
20/11/07 16:02:12 INFO TaskSchedulerImpl: Removed TaskSet 21.0, whose tasks have all completed, from pool 
20/11/07 16:02:12 INFO Executor: Running task 1.0 in stage 26.0 (TID 11)
20/11/07 16:02:12 INFO DAGScheduler: ShuffleMapStage 21 (flatMap at Partition.scala:50) finished in 0.042 s
20/11/07 16:02:12 INFO DAGScheduler: looking for newly runnable stages
20/11/07 16:02:12 INFO DAGScheduler: running: Set(ShuffleMapStage 26)
20/11/07 16:02:12 INFO DAGScheduler: waiting: Set(ShuffleMapStage 30, ShuffleMapStage 27, ShuffleMapStage 19, ResultStage 31, ShuffleMapStage 20, ShuffleMapStage 18, ShuffleMapStage 28, ShuffleMapStage 29)
20/11/07 16:02:12 INFO DAGScheduler: failed: Set()
20/11/07 16:02:12 INFO DAGScheduler: Missing parents for ShuffleMapStage 30: List(ShuffleMapStage 18, ShuffleMapStage 29)
20/11/07 16:02:12 INFO DAGScheduler: Missing parents for ShuffleMapStage 27: List(ShuffleMapStage 26)
20/11/07 16:02:12 INFO DAGScheduler: Missing parents for ShuffleMapStage 19: List(ShuffleMapStage 27, ShuffleMapStage 20)
20/11/07 16:02:12 INFO DAGScheduler: Missing parents for ResultStage 31: List(ShuffleMapStage 30)
20/11/07 16:02:12 INFO DAGScheduler: Missing parents for ShuffleMapStage 20: List(ShuffleMapStage 26)
20/11/07 16:02:12 INFO DAGScheduler: Missing parents for ShuffleMapStage 18: List(ShuffleMapStage 19, ShuffleMapStage 28)
20/11/07 16:02:12 INFO DAGScheduler: Missing parents for ShuffleMapStage 28: List(ShuffleMapStage 27, ShuffleMapStage 20)
20/11/07 16:02:12 INFO DAGScheduler: Missing parents for ShuffleMapStage 29: List(ShuffleMapStage 19, ShuffleMapStage 28)
20/11/07 16:02:12 INFO ShuffleBlockFetcherIterator: Getting 2 non-empty blocks out of 2 blocks
20/11/07 16:02:12 INFO ShuffleBlockFetcherIterator: Started 0 remote fetches in 0 ms
20/11/07 16:02:12 INFO Executor: Finished task 0.0 in stage 26.0 (TID 10). 1375 bytes result sent to driver
20/11/07 16:02:12 INFO TaskSetManager: Finished task 0.0 in stage 26.0 (TID 10) in 22 ms on localhost (1/2)
20/11/07 16:02:12 INFO ShuffleBlockFetcherIterator: Getting 2 non-empty blocks out of 2 blocks
20/11/07 16:02:12 INFO ShuffleBlockFetcherIterator: Started 0 remote fetches in 0 ms
20/11/07 16:02:12 INFO Executor: Finished task 1.0 in stage 26.0 (TID 11). 1375 bytes result sent to driver
20/11/07 16:02:12 INFO TaskSetManager: Finished task 1.0 in stage 26.0 (TID 11) in 17 ms on localhost (2/2)
20/11/07 16:02:12 INFO DAGScheduler: ShuffleMapStage 26 (map at Partition.scala:52) finished in 0.053 s
20/11/07 16:02:12 INFO TaskSchedulerImpl: Removed TaskSet 26.0, whose tasks have all completed, from pool 
20/11/07 16:02:12 INFO DAGScheduler: looking for newly runnable stages
20/11/07 16:02:12 INFO DAGScheduler: running: Set()
20/11/07 16:02:12 INFO DAGScheduler: waiting: Set(ShuffleMapStage 30, ShuffleMapStage 27, ShuffleMapStage 19, ResultStage 31, ShuffleMapStage 20, ShuffleMapStage 18, ShuffleMapStage 28, ShuffleMapStage 29)
20/11/07 16:02:12 INFO DAGScheduler: failed: Set()
20/11/07 16:02:12 INFO DAGScheduler: Missing parents for ShuffleMapStage 30: List(ShuffleMapStage 18, ShuffleMapStage 29)
20/11/07 16:02:12 INFO DAGScheduler: Missing parents for ShuffleMapStage 27: List()
20/11/07 16:02:12 INFO DAGScheduler: Missing parents for ShuffleMapStage 19: List(ShuffleMapStage 27, ShuffleMapStage 20)
20/11/07 16:02:12 INFO DAGScheduler: Missing parents for ResultStage 31: List(ShuffleMapStage 30)
20/11/07 16:02:12 INFO DAGScheduler: Missing parents for ShuffleMapStage 20: List()
20/11/07 16:02:12 INFO DAGScheduler: Missing parents for ShuffleMapStage 18: List(ShuffleMapStage 19, ShuffleMapStage 28)
20/11/07 16:02:12 INFO DAGScheduler: Missing parents for ShuffleMapStage 28: List(ShuffleMapStage 27, ShuffleMapStage 20)
20/11/07 16:02:12 INFO DAGScheduler: Missing parents for ShuffleMapStage 29: List(ShuffleMapStage 19, ShuffleMapStage 28)
20/11/07 16:02:12 INFO DAGScheduler: Submitting ShuffleMapStage 20 (MapPartitionsRDD[26] at flatMap at Partition.scala:50), which is now runnable
20/11/07 16:02:12 INFO MemoryStore: ensureFreeSpace(3624) called with curMem=167548, maxMem=555755765
20/11/07 16:02:12 INFO MemoryStore: Block broadcast_7 stored as values in memory (estimated size 3.5 KB, free 529.8 MB)
20/11/07 16:02:12 INFO MemoryStore: ensureFreeSpace(1850) called with curMem=171172, maxMem=555755765
20/11/07 16:02:12 INFO MemoryStore: Block broadcast_7_piece0 stored as bytes in memory (estimated size 1850.0 B, free 529.8 MB)
20/11/07 16:02:12 INFO BlockManagerInfo: Added broadcast_7_piece0 in memory on localhost:45385 (size: 1850.0 B, free: 530.0 MB)
20/11/07 16:02:12 INFO SparkContext: Created broadcast 7 from broadcast at DAGScheduler.scala:861
20/11/07 16:02:12 INFO DAGScheduler: Submitting 2 missing tasks from ShuffleMapStage 20 (MapPartitionsRDD[26] at flatMap at Partition.scala:50)
20/11/07 16:02:12 INFO TaskSchedulerImpl: Adding task set 20.0 with 2 tasks
20/11/07 16:02:12 INFO DAGScheduler: Submitting ShuffleMapStage 27 (MapPartitionsRDD[28] at map at Partition.scala:52), which is now runnable
20/11/07 16:02:12 INFO TaskSetManager: Starting task 0.0 in stage 20.0 (TID 12, localhost, PROCESS_LOCAL, 2174 bytes)
20/11/07 16:02:12 INFO MemoryStore: ensureFreeSpace(3512) called with curMem=173022, maxMem=555755765
20/11/07 16:02:12 INFO TaskSetManager: Starting task 1.0 in stage 20.0 (TID 13, localhost, PROCESS_LOCAL, 2174 bytes)
20/11/07 16:02:12 INFO MemoryStore: Block broadcast_8 stored as values in memory (estimated size 3.4 KB, free 529.8 MB)
20/11/07 16:02:12 INFO Executor: Running task 1.0 in stage 20.0 (TID 13)
20/11/07 16:02:12 INFO ShuffleBlockFetcherIterator: Getting 2 non-empty blocks out of 2 blocks
20/11/07 16:02:12 INFO ShuffleBlockFetcherIterator: Started 0 remote fetches in 0 ms
20/11/07 16:02:12 INFO MemoryStore: ensureFreeSpace(1817) called with curMem=176534, maxMem=555755765
20/11/07 16:02:12 INFO MemoryStore: Block broadcast_8_piece0 stored as bytes in memory (estimated size 1817.0 B, free 529.8 MB)
20/11/07 16:02:12 INFO Executor: Running task 0.0 in stage 20.0 (TID 12)
20/11/07 16:02:12 INFO BlockManagerInfo: Added broadcast_8_piece0 in memory on localhost:45385 (size: 1817.0 B, free: 530.0 MB)
20/11/07 16:02:12 INFO ShuffleBlockFetcherIterator: Getting 2 non-empty blocks out of 2 blocks
20/11/07 16:02:12 INFO ShuffleBlockFetcherIterator: Started 0 remote fetches in 0 ms
20/11/07 16:02:12 INFO SparkContext: Created broadcast 8 from broadcast at DAGScheduler.scala:861
20/11/07 16:02:12 INFO DAGScheduler: Submitting 2 missing tasks from ShuffleMapStage 27 (MapPartitionsRDD[28] at map at Partition.scala:52)
20/11/07 16:02:12 INFO TaskSchedulerImpl: Adding task set 27.0 with 2 tasks
20/11/07 16:02:12 INFO ShuffleBlockFetcherIterator: Getting 2 non-empty blocks out of 2 blocks
20/11/07 16:02:12 INFO ShuffleBlockFetcherIterator: Started 0 remote fetches in 0 ms
20/11/07 16:02:12 INFO ShuffleBlockFetcherIterator: Getting 2 non-empty blocks out of 2 blocks
20/11/07 16:02:12 INFO ShuffleBlockFetcherIterator: Started 0 remote fetches in 0 ms
20/11/07 16:02:12 INFO Executor: Finished task 1.0 in stage 20.0 (TID 13). 1375 bytes result sent to driver
20/11/07 16:02:12 INFO Executor: Finished task 0.0 in stage 20.0 (TID 12). 1375 bytes result sent to driver
20/11/07 16:02:12 INFO TaskSetManager: Starting task 0.0 in stage 27.0 (TID 14, localhost, PROCESS_LOCAL, 2174 bytes)
20/11/07 16:02:12 INFO TaskSetManager: Finished task 1.0 in stage 20.0 (TID 13) in 17 ms on localhost (1/2)
20/11/07 16:02:12 INFO TaskSetManager: Starting task 1.0 in stage 27.0 (TID 15, localhost, PROCESS_LOCAL, 2174 bytes)
20/11/07 16:02:12 INFO TaskSetManager: Finished task 0.0 in stage 20.0 (TID 12) in 18 ms on localhost (2/2)
20/11/07 16:02:12 INFO TaskSchedulerImpl: Removed TaskSet 20.0, whose tasks have all completed, from pool 
20/11/07 16:02:12 INFO Executor: Running task 1.0 in stage 27.0 (TID 15)
20/11/07 16:02:12 INFO ShuffleBlockFetcherIterator: Getting 2 non-empty blocks out of 2 blocks
20/11/07 16:02:12 INFO ShuffleBlockFetcherIterator: Started 0 remote fetches in 0 ms
20/11/07 16:02:12 INFO Executor: Running task 0.0 in stage 27.0 (TID 14)
20/11/07 16:02:12 INFO DAGScheduler: ShuffleMapStage 20 (flatMap at Partition.scala:50) finished in 0.026 s
20/11/07 16:02:12 INFO ShuffleBlockFetcherIterator: Getting 2 non-empty blocks out of 2 blocks
20/11/07 16:02:12 INFO ShuffleBlockFetcherIterator: Started 0 remote fetches in 0 ms
20/11/07 16:02:12 INFO DAGScheduler: looking for newly runnable stages
20/11/07 16:02:12 INFO DAGScheduler: running: Set(ShuffleMapStage 27)
20/11/07 16:02:12 INFO DAGScheduler: waiting: Set(ShuffleMapStage 30, ShuffleMapStage 19, ResultStage 31, ShuffleMapStage 18, ShuffleMapStage 28, ShuffleMapStage 29)
20/11/07 16:02:12 INFO DAGScheduler: failed: Set()
20/11/07 16:02:12 INFO DAGScheduler: Missing parents for ShuffleMapStage 30: List(ShuffleMapStage 18, ShuffleMapStage 29)
20/11/07 16:02:12 INFO DAGScheduler: Missing parents for ShuffleMapStage 19: List(ShuffleMapStage 27)
20/11/07 16:02:12 INFO DAGScheduler: Missing parents for ResultStage 31: List(ShuffleMapStage 30)
20/11/07 16:02:12 INFO DAGScheduler: Missing parents for ShuffleMapStage 18: List(ShuffleMapStage 19, ShuffleMapStage 28)
20/11/07 16:02:12 INFO DAGScheduler: Missing parents for ShuffleMapStage 28: List(ShuffleMapStage 27)
20/11/07 16:02:12 INFO DAGScheduler: Missing parents for ShuffleMapStage 29: List(ShuffleMapStage 19, ShuffleMapStage 28)
20/11/07 16:02:12 INFO ShuffleBlockFetcherIterator: Getting 2 non-empty blocks out of 2 blocks
20/11/07 16:02:12 INFO ShuffleBlockFetcherIterator: Started 0 remote fetches in 0 ms
20/11/07 16:02:12 INFO ShuffleBlockFetcherIterator: Getting 2 non-empty blocks out of 2 blocks
20/11/07 16:02:12 INFO ShuffleBlockFetcherIterator: Started 0 remote fetches in 0 ms
20/11/07 16:02:12 INFO Executor: Finished task 1.0 in stage 27.0 (TID 15). 1375 bytes result sent to driver
20/11/07 16:02:12 INFO TaskSetManager: Finished task 1.0 in stage 27.0 (TID 15) in 18 ms on localhost (1/2)
20/11/07 16:02:12 INFO Executor: Finished task 0.0 in stage 27.0 (TID 14). 1375 bytes result sent to driver
20/11/07 16:02:12 INFO TaskSetManager: Finished task 0.0 in stage 27.0 (TID 14) in 29 ms on localhost (2/2)
20/11/07 16:02:12 INFO DAGScheduler: ShuffleMapStage 27 (map at Partition.scala:52) finished in 0.040 s
20/11/07 16:02:12 INFO TaskSchedulerImpl: Removed TaskSet 27.0, whose tasks have all completed, from pool 
20/11/07 16:02:12 INFO DAGScheduler: looking for newly runnable stages
20/11/07 16:02:12 INFO DAGScheduler: running: Set()
20/11/07 16:02:12 INFO DAGScheduler: waiting: Set(ShuffleMapStage 30, ShuffleMapStage 19, ResultStage 31, ShuffleMapStage 18, ShuffleMapStage 28, ShuffleMapStage 29)
20/11/07 16:02:12 INFO DAGScheduler: failed: Set()
20/11/07 16:02:12 INFO DAGScheduler: Missing parents for ShuffleMapStage 30: List(ShuffleMapStage 18, ShuffleMapStage 29)
20/11/07 16:02:12 INFO DAGScheduler: Missing parents for ShuffleMapStage 19: List()
20/11/07 16:02:12 INFO DAGScheduler: Missing parents for ResultStage 31: List(ShuffleMapStage 30)
20/11/07 16:02:12 INFO DAGScheduler: Missing parents for ShuffleMapStage 18: List(ShuffleMapStage 19, ShuffleMapStage 28)
20/11/07 16:02:12 INFO DAGScheduler: Missing parents for ShuffleMapStage 28: List()
20/11/07 16:02:12 INFO DAGScheduler: Missing parents for ShuffleMapStage 29: List(ShuffleMapStage 19, ShuffleMapStage 28)
20/11/07 16:02:12 INFO DAGScheduler: Submitting ShuffleMapStage 19 (MapPartitionsRDD[33] at flatMap at Partition.scala:50), which is now runnable
20/11/07 16:02:12 INFO MemoryStore: ensureFreeSpace(3624) called with curMem=178351, maxMem=555755765
20/11/07 16:02:12 INFO MemoryStore: Block broadcast_9 stored as values in memory (estimated size 3.5 KB, free 529.8 MB)
20/11/07 16:02:12 INFO MemoryStore: ensureFreeSpace(1851) called with curMem=181975, maxMem=555755765
20/11/07 16:02:12 INFO MemoryStore: Block broadcast_9_piece0 stored as bytes in memory (estimated size 1851.0 B, free 529.8 MB)
20/11/07 16:02:12 INFO BlockManagerInfo: Added broadcast_9_piece0 in memory on localhost:45385 (size: 1851.0 B, free: 530.0 MB)
20/11/07 16:02:12 INFO SparkContext: Created broadcast 9 from broadcast at DAGScheduler.scala:861
20/11/07 16:02:12 INFO DAGScheduler: Submitting 2 missing tasks from ShuffleMapStage 19 (MapPartitionsRDD[33] at flatMap at Partition.scala:50)
20/11/07 16:02:12 INFO TaskSchedulerImpl: Adding task set 19.0 with 2 tasks
20/11/07 16:02:12 INFO DAGScheduler: Submitting ShuffleMapStage 28 (MapPartitionsRDD[35] at map at Partition.scala:52), which is now runnable
20/11/07 16:02:12 INFO TaskSetManager: Starting task 0.0 in stage 19.0 (TID 16, localhost, PROCESS_LOCAL, 2174 bytes)
20/11/07 16:02:12 INFO TaskSetManager: Starting task 1.0 in stage 19.0 (TID 17, localhost, PROCESS_LOCAL, 2174 bytes)
20/11/07 16:02:12 INFO MemoryStore: ensureFreeSpace(3512) called with curMem=183826, maxMem=555755765
20/11/07 16:02:12 INFO Executor: Running task 1.0 in stage 19.0 (TID 17)
20/11/07 16:02:12 INFO MemoryStore: Block broadcast_10 stored as values in memory (estimated size 3.4 KB, free 529.8 MB)
20/11/07 16:02:12 INFO ShuffleBlockFetcherIterator: Getting 2 non-empty blocks out of 2 blocks
20/11/07 16:02:12 INFO ShuffleBlockFetcherIterator: Started 0 remote fetches in 0 ms
20/11/07 16:02:12 INFO ShuffleBlockFetcherIterator: Getting 2 non-empty blocks out of 2 blocks
20/11/07 16:02:12 INFO ShuffleBlockFetcherIterator: Started 0 remote fetches in 0 ms
20/11/07 16:02:12 INFO MemoryStore: ensureFreeSpace(1818) called with curMem=187338, maxMem=555755765
20/11/07 16:02:12 INFO MemoryStore: Block broadcast_10_piece0 stored as bytes in memory (estimated size 1818.0 B, free 529.8 MB)
20/11/07 16:02:12 INFO BlockManagerInfo: Added broadcast_10_piece0 in memory on localhost:45385 (size: 1818.0 B, free: 530.0 MB)
20/11/07 16:02:12 INFO Executor: Running task 0.0 in stage 19.0 (TID 16)
20/11/07 16:02:12 INFO SparkContext: Created broadcast 10 from broadcast at DAGScheduler.scala:861
20/11/07 16:02:12 INFO DAGScheduler: Submitting 2 missing tasks from ShuffleMapStage 28 (MapPartitionsRDD[35] at map at Partition.scala:52)
20/11/07 16:02:12 INFO TaskSchedulerImpl: Adding task set 28.0 with 2 tasks
20/11/07 16:02:12 INFO ShuffleBlockFetcherIterator: Getting 2 non-empty blocks out of 2 blocks
20/11/07 16:02:12 INFO ShuffleBlockFetcherIterator: Started 0 remote fetches in 0 ms
20/11/07 16:02:12 INFO ShuffleBlockFetcherIterator: Getting 2 non-empty blocks out of 2 blocks
20/11/07 16:02:12 INFO ShuffleBlockFetcherIterator: Started 0 remote fetches in 0 ms
20/11/07 16:02:12 INFO Executor: Finished task 0.0 in stage 19.0 (TID 16). 1375 bytes result sent to driver
20/11/07 16:02:12 INFO TaskSetManager: Starting task 0.0 in stage 28.0 (TID 18, localhost, PROCESS_LOCAL, 2174 bytes)
20/11/07 16:02:12 INFO TaskSetManager: Finished task 0.0 in stage 19.0 (TID 16) in 16 ms on localhost (1/2)
20/11/07 16:02:12 INFO Executor: Running task 0.0 in stage 28.0 (TID 18)
20/11/07 16:02:12 INFO ShuffleBlockFetcherIterator: Getting 2 non-empty blocks out of 2 blocks
20/11/07 16:02:12 INFO ShuffleBlockFetcherIterator: Started 0 remote fetches in 0 ms
20/11/07 16:02:12 INFO ShuffleBlockFetcherIterator: Getting 2 non-empty blocks out of 2 blocks
20/11/07 16:02:12 INFO ShuffleBlockFetcherIterator: Started 0 remote fetches in 0 ms
20/11/07 16:02:12 INFO Executor: Finished task 0.0 in stage 28.0 (TID 18). 1375 bytes result sent to driver
20/11/07 16:02:12 INFO TaskSetManager: Starting task 1.0 in stage 28.0 (TID 19, localhost, PROCESS_LOCAL, 2174 bytes)
20/11/07 16:02:12 INFO TaskSetManager: Finished task 0.0 in stage 28.0 (TID 18) in 8 ms on localhost (1/2)
20/11/07 16:02:12 INFO Executor: Running task 1.0 in stage 28.0 (TID 19)
20/11/07 16:02:12 INFO ShuffleBlockFetcherIterator: Getting 2 non-empty blocks out of 2 blocks
20/11/07 16:02:12 INFO ShuffleBlockFetcherIterator: Started 0 remote fetches in 1 ms
20/11/07 16:02:12 INFO ShuffleBlockFetcherIterator: Getting 2 non-empty blocks out of 2 blocks
20/11/07 16:02:12 INFO ShuffleBlockFetcherIterator: Started 0 remote fetches in 0 ms
20/11/07 16:02:12 INFO Executor: Finished task 1.0 in stage 28.0 (TID 19). 1375 bytes result sent to driver
20/11/07 16:02:12 INFO TaskSetManager: Finished task 1.0 in stage 28.0 (TID 19) in 9 ms on localhost (2/2)
20/11/07 16:02:12 INFO TaskSchedulerImpl: Removed TaskSet 28.0, whose tasks have all completed, from pool 
20/11/07 16:02:12 INFO DAGScheduler: ShuffleMapStage 28 (map at Partition.scala:52) finished in 0.028 s
20/11/07 16:02:12 INFO DAGScheduler: looking for newly runnable stages
20/11/07 16:02:12 INFO DAGScheduler: running: Set(ShuffleMapStage 19)
20/11/07 16:02:12 INFO DAGScheduler: waiting: Set(ShuffleMapStage 30, ResultStage 31, ShuffleMapStage 18, ShuffleMapStage 29)
20/11/07 16:02:12 INFO DAGScheduler: failed: Set()
20/11/07 16:02:12 INFO DAGScheduler: Missing parents for ShuffleMapStage 30: List(ShuffleMapStage 18, ShuffleMapStage 29)
20/11/07 16:02:12 INFO DAGScheduler: Missing parents for ResultStage 31: List(ShuffleMapStage 30)
20/11/07 16:02:12 INFO DAGScheduler: Missing parents for ShuffleMapStage 18: List(ShuffleMapStage 19)
20/11/07 16:02:12 INFO Executor: Finished task 1.0 in stage 19.0 (TID 17). 1375 bytes result sent to driver
20/11/07 16:02:12 INFO DAGScheduler: Missing parents for ShuffleMapStage 29: List(ShuffleMapStage 19)
20/11/07 16:02:12 INFO TaskSetManager: Finished task 1.0 in stage 19.0 (TID 17) in 34 ms on localhost (2/2)
20/11/07 16:02:12 INFO TaskSchedulerImpl: Removed TaskSet 19.0, whose tasks have all completed, from pool 
20/11/07 16:02:12 INFO DAGScheduler: ShuffleMapStage 19 (flatMap at Partition.scala:50) finished in 0.034 s
20/11/07 16:02:12 INFO DAGScheduler: looking for newly runnable stages
20/11/07 16:02:12 INFO DAGScheduler: running: Set()
20/11/07 16:02:12 INFO DAGScheduler: waiting: Set(ShuffleMapStage 30, ResultStage 31, ShuffleMapStage 18, ShuffleMapStage 29)
20/11/07 16:02:12 INFO DAGScheduler: failed: Set()
20/11/07 16:02:12 INFO DAGScheduler: Missing parents for ShuffleMapStage 30: List(ShuffleMapStage 18, ShuffleMapStage 29)
20/11/07 16:02:12 INFO DAGScheduler: Missing parents for ResultStage 31: List(ShuffleMapStage 30)
20/11/07 16:02:12 INFO DAGScheduler: Missing parents for ShuffleMapStage 18: List()
20/11/07 16:02:12 INFO DAGScheduler: Missing parents for ShuffleMapStage 29: List()
20/11/07 16:02:12 INFO DAGScheduler: Submitting ShuffleMapStage 18 (MapPartitionsRDD[40] at flatMap at Partition.scala:50), which is now runnable
20/11/07 16:02:12 INFO MemoryStore: ensureFreeSpace(3624) called with curMem=189156, maxMem=555755765
20/11/07 16:02:12 INFO MemoryStore: Block broadcast_11 stored as values in memory (estimated size 3.5 KB, free 529.8 MB)
20/11/07 16:02:12 INFO MemoryStore: ensureFreeSpace(1850) called with curMem=192780, maxMem=555755765
20/11/07 16:02:12 INFO MemoryStore: Block broadcast_11_piece0 stored as bytes in memory (estimated size 1850.0 B, free 529.8 MB)
20/11/07 16:02:12 INFO BlockManagerInfo: Added broadcast_11_piece0 in memory on localhost:45385 (size: 1850.0 B, free: 530.0 MB)
20/11/07 16:02:12 INFO SparkContext: Created broadcast 11 from broadcast at DAGScheduler.scala:861
20/11/07 16:02:12 INFO DAGScheduler: Submitting 2 missing tasks from ShuffleMapStage 18 (MapPartitionsRDD[40] at flatMap at Partition.scala:50)
20/11/07 16:02:12 INFO TaskSchedulerImpl: Adding task set 18.0 with 2 tasks
20/11/07 16:02:12 INFO DAGScheduler: Submitting ShuffleMapStage 29 (MapPartitionsRDD[42] at map at Partition.scala:52), which is now runnable
20/11/07 16:02:12 INFO TaskSetManager: Starting task 0.0 in stage 18.0 (TID 20, localhost, PROCESS_LOCAL, 2174 bytes)
20/11/07 16:02:12 INFO TaskSetManager: Starting task 1.0 in stage 18.0 (TID 21, localhost, PROCESS_LOCAL, 2174 bytes)
20/11/07 16:02:12 INFO Executor: Running task 1.0 in stage 18.0 (TID 21)
20/11/07 16:02:12 INFO Executor: Running task 0.0 in stage 18.0 (TID 20)
20/11/07 16:02:12 INFO ShuffleBlockFetcherIterator: Getting 2 non-empty blocks out of 2 blocks
20/11/07 16:02:12 INFO ShuffleBlockFetcherIterator: Started 0 remote fetches in 0 ms
20/11/07 16:02:12 INFO ShuffleBlockFetcherIterator: Getting 2 non-empty blocks out of 2 blocks
20/11/07 16:02:12 INFO ShuffleBlockFetcherIterator: Started 0 remote fetches in 0 ms
20/11/07 16:02:12 INFO ShuffleBlockFetcherIterator: Getting 2 non-empty blocks out of 2 blocks
20/11/07 16:02:12 INFO ShuffleBlockFetcherIterator: Started 0 remote fetches in 0 ms
20/11/07 16:02:12 INFO ShuffleBlockFetcherIterator: Getting 2 non-empty blocks out of 2 blocks
20/11/07 16:02:12 INFO ShuffleBlockFetcherIterator: Started 0 remote fetches in 0 ms
20/11/07 16:02:12 INFO MemoryStore: ensureFreeSpace(3512) called with curMem=194630, maxMem=555755765
20/11/07 16:02:12 INFO MemoryStore: Block broadcast_12 stored as values in memory (estimated size 3.4 KB, free 529.8 MB)
20/11/07 16:02:12 INFO Executor: Finished task 0.0 in stage 18.0 (TID 20). 1375 bytes result sent to driver
20/11/07 16:02:12 INFO MemoryStore: ensureFreeSpace(1815) called with curMem=198142, maxMem=555755765
20/11/07 16:02:12 INFO MemoryStore: Block broadcast_12_piece0 stored as bytes in memory (estimated size 1815.0 B, free 529.8 MB)
20/11/07 16:02:12 INFO TaskSetManager: Finished task 0.0 in stage 18.0 (TID 20) in 10 ms on localhost (1/2)
20/11/07 16:02:12 INFO BlockManagerInfo: Added broadcast_12_piece0 in memory on localhost:45385 (size: 1815.0 B, free: 530.0 MB)
20/11/07 16:02:12 INFO Executor: Finished task 1.0 in stage 18.0 (TID 21). 1375 bytes result sent to driver
20/11/07 16:02:12 INFO TaskSetManager: Finished task 1.0 in stage 18.0 (TID 21) in 13 ms on localhost (2/2)
20/11/07 16:02:12 INFO TaskSchedulerImpl: Removed TaskSet 18.0, whose tasks have all completed, from pool 
20/11/07 16:02:12 INFO SparkContext: Created broadcast 12 from broadcast at DAGScheduler.scala:861
20/11/07 16:02:12 INFO DAGScheduler: Submitting 2 missing tasks from ShuffleMapStage 29 (MapPartitionsRDD[42] at map at Partition.scala:52)
20/11/07 16:02:12 INFO TaskSchedulerImpl: Adding task set 29.0 with 2 tasks
20/11/07 16:02:12 INFO TaskSetManager: Starting task 0.0 in stage 29.0 (TID 22, localhost, PROCESS_LOCAL, 2174 bytes)
20/11/07 16:02:12 INFO TaskSetManager: Starting task 1.0 in stage 29.0 (TID 23, localhost, PROCESS_LOCAL, 2174 bytes)
20/11/07 16:02:12 INFO Executor: Running task 1.0 in stage 29.0 (TID 23)
20/11/07 16:02:12 INFO ShuffleBlockFetcherIterator: Getting 2 non-empty blocks out of 2 blocks
20/11/07 16:02:12 INFO ShuffleBlockFetcherIterator: Started 0 remote fetches in 0 ms
20/11/07 16:02:12 INFO Executor: Running task 0.0 in stage 29.0 (TID 22)
20/11/07 16:02:12 INFO ShuffleBlockFetcherIterator: Getting 2 non-empty blocks out of 2 blocks
20/11/07 16:02:12 INFO ShuffleBlockFetcherIterator: Started 0 remote fetches in 0 ms
20/11/07 16:02:12 INFO ShuffleBlockFetcherIterator: Getting 2 non-empty blocks out of 2 blocks
20/11/07 16:02:12 INFO ShuffleBlockFetcherIterator: Started 0 remote fetches in 0 ms
20/11/07 16:02:12 INFO ShuffleBlockFetcherIterator: Getting 2 non-empty blocks out of 2 blocks
20/11/07 16:02:12 INFO ShuffleBlockFetcherIterator: Started 0 remote fetches in 0 ms
20/11/07 16:02:12 INFO DAGScheduler: ShuffleMapStage 18 (flatMap at Partition.scala:50) finished in 0.021 s
20/11/07 16:02:12 INFO DAGScheduler: looking for newly runnable stages
20/11/07 16:02:12 INFO DAGScheduler: running: Set(ShuffleMapStage 29)
20/11/07 16:02:12 INFO DAGScheduler: waiting: Set(ShuffleMapStage 30, ResultStage 31)
20/11/07 16:02:12 INFO DAGScheduler: failed: Set()
20/11/07 16:02:12 INFO DAGScheduler: Missing parents for ShuffleMapStage 30: List(ShuffleMapStage 29)
20/11/07 16:02:12 INFO DAGScheduler: Missing parents for ResultStage 31: List(ShuffleMapStage 30)
20/11/07 16:02:12 INFO Executor: Finished task 0.0 in stage 29.0 (TID 22). 1375 bytes result sent to driver
20/11/07 16:02:12 INFO TaskSetManager: Finished task 0.0 in stage 29.0 (TID 22) in 9 ms on localhost (1/2)
20/11/07 16:02:12 INFO Executor: Finished task 1.0 in stage 29.0 (TID 23). 1375 bytes result sent to driver
20/11/07 16:02:12 INFO TaskSetManager: Finished task 1.0 in stage 29.0 (TID 23) in 17 ms on localhost (2/2)
20/11/07 16:02:12 INFO TaskSchedulerImpl: Removed TaskSet 29.0, whose tasks have all completed, from pool 
20/11/07 16:02:12 INFO DAGScheduler: ShuffleMapStage 29 (map at Partition.scala:52) finished in 0.017 s
20/11/07 16:02:12 INFO DAGScheduler: looking for newly runnable stages
20/11/07 16:02:12 INFO DAGScheduler: running: Set()
20/11/07 16:02:12 INFO DAGScheduler: waiting: Set(ShuffleMapStage 30, ResultStage 31)
20/11/07 16:02:12 INFO DAGScheduler: failed: Set()
20/11/07 16:02:12 INFO DAGScheduler: Missing parents for ShuffleMapStage 30: List()
20/11/07 16:02:12 INFO DAGScheduler: Missing parents for ResultStage 31: List(ShuffleMapStage 30)
20/11/07 16:02:12 INFO DAGScheduler: Submitting ShuffleMapStage 30 (MapPartitionsRDD[47] at map at Partition.scala:56), which is now runnable
20/11/07 16:02:12 INFO MemoryStore: ensureFreeSpace(3552) called with curMem=199957, maxMem=555755765
20/11/07 16:02:12 INFO MemoryStore: Block broadcast_13 stored as values in memory (estimated size 3.5 KB, free 529.8 MB)
20/11/07 16:02:12 INFO MemoryStore: ensureFreeSpace(1846) called with curMem=203509, maxMem=555755765
20/11/07 16:02:12 INFO MemoryStore: Block broadcast_13_piece0 stored as bytes in memory (estimated size 1846.0 B, free 529.8 MB)
20/11/07 16:02:12 INFO BlockManagerInfo: Added broadcast_13_piece0 in memory on localhost:45385 (size: 1846.0 B, free: 530.0 MB)
20/11/07 16:02:12 INFO SparkContext: Created broadcast 13 from broadcast at DAGScheduler.scala:861
20/11/07 16:02:12 INFO DAGScheduler: Submitting 2 missing tasks from ShuffleMapStage 30 (MapPartitionsRDD[47] at map at Partition.scala:56)
20/11/07 16:02:12 INFO TaskSchedulerImpl: Adding task set 30.0 with 2 tasks
20/11/07 16:02:12 INFO TaskSetManager: Starting task 0.0 in stage 30.0 (TID 24, localhost, PROCESS_LOCAL, 2174 bytes)
20/11/07 16:02:12 INFO TaskSetManager: Starting task 1.0 in stage 30.0 (TID 25, localhost, PROCESS_LOCAL, 2174 bytes)
20/11/07 16:02:12 INFO Executor: Running task 1.0 in stage 30.0 (TID 25)
20/11/07 16:02:12 INFO Executor: Running task 0.0 in stage 30.0 (TID 24)
20/11/07 16:02:12 INFO ShuffleBlockFetcherIterator: Getting 2 non-empty blocks out of 2 blocks
20/11/07 16:02:12 INFO ShuffleBlockFetcherIterator: Started 0 remote fetches in 0 ms
20/11/07 16:02:12 INFO ShuffleBlockFetcherIterator: Getting 2 non-empty blocks out of 2 blocks
20/11/07 16:02:12 INFO ShuffleBlockFetcherIterator: Started 0 remote fetches in 0 ms
20/11/07 16:02:12 INFO ShuffleBlockFetcherIterator: Getting 2 non-empty blocks out of 2 blocks
20/11/07 16:02:12 INFO ShuffleBlockFetcherIterator: Started 0 remote fetches in 0 ms
20/11/07 16:02:12 INFO ShuffleBlockFetcherIterator: Getting 2 non-empty blocks out of 2 blocks
20/11/07 16:02:12 INFO ShuffleBlockFetcherIterator: Started 0 remote fetches in 1 ms
20/11/07 16:02:12 INFO Executor: Finished task 1.0 in stage 30.0 (TID 25). 1375 bytes result sent to driver
20/11/07 16:02:12 INFO TaskSetManager: Finished task 1.0 in stage 30.0 (TID 25) in 7 ms on localhost (1/2)
20/11/07 16:02:12 INFO Executor: Finished task 0.0 in stage 30.0 (TID 24). 1375 bytes result sent to driver
20/11/07 16:02:12 INFO TaskSetManager: Finished task 0.0 in stage 30.0 (TID 24) in 10 ms on localhost (2/2)
20/11/07 16:02:12 INFO TaskSchedulerImpl: Removed TaskSet 30.0, whose tasks have all completed, from pool 
20/11/07 16:02:12 INFO DAGScheduler: ShuffleMapStage 30 (map at Partition.scala:56) finished in 0.012 s
20/11/07 16:02:12 INFO DAGScheduler: looking for newly runnable stages
20/11/07 16:02:12 INFO DAGScheduler: running: Set()
20/11/07 16:02:12 INFO DAGScheduler: waiting: Set(ResultStage 31)
20/11/07 16:02:12 INFO DAGScheduler: failed: Set()
20/11/07 16:02:12 INFO DAGScheduler: Missing parents for ResultStage 31: List()
20/11/07 16:02:12 INFO DAGScheduler: Submitting ResultStage 31 (ShuffledRDD[48] at reduceByKey at Partition.scala:56), which is now runnable
20/11/07 16:02:12 INFO MemoryStore: ensureFreeSpace(2288) called with curMem=205355, maxMem=555755765
20/11/07 16:02:12 INFO MemoryStore: Block broadcast_14 stored as values in memory (estimated size 2.2 KB, free 529.8 MB)
20/11/07 16:02:12 INFO MemoryStore: ensureFreeSpace(1368) called with curMem=207643, maxMem=555755765
20/11/07 16:02:12 INFO MemoryStore: Block broadcast_14_piece0 stored as bytes in memory (estimated size 1368.0 B, free 529.8 MB)
20/11/07 16:02:12 INFO BlockManagerInfo: Added broadcast_14_piece0 in memory on localhost:45385 (size: 1368.0 B, free: 530.0 MB)
20/11/07 16:02:12 INFO SparkContext: Created broadcast 14 from broadcast at DAGScheduler.scala:861
20/11/07 16:02:12 INFO DAGScheduler: Submitting 2 missing tasks from ResultStage 31 (ShuffledRDD[48] at reduceByKey at Partition.scala:56)
20/11/07 16:02:12 INFO TaskSchedulerImpl: Adding task set 31.0 with 2 tasks
20/11/07 16:02:12 INFO TaskSetManager: Starting task 0.0 in stage 31.0 (TID 26, localhost, PROCESS_LOCAL, 1958 bytes)
20/11/07 16:02:12 INFO TaskSetManager: Starting task 1.0 in stage 31.0 (TID 27, localhost, PROCESS_LOCAL, 1958 bytes)
20/11/07 16:02:12 INFO Executor: Running task 1.0 in stage 31.0 (TID 27)
20/11/07 16:02:12 INFO Executor: Running task 0.0 in stage 31.0 (TID 26)
20/11/07 16:02:12 INFO ShuffleBlockFetcherIterator: Getting 2 non-empty blocks out of 2 blocks
20/11/07 16:02:12 INFO ShuffleBlockFetcherIterator: Started 0 remote fetches in 0 ms
20/11/07 16:02:12 INFO ShuffleBlockFetcherIterator: Getting 2 non-empty blocks out of 2 blocks
20/11/07 16:02:12 INFO ShuffleBlockFetcherIterator: Started 0 remote fetches in 0 ms
20/11/07 16:02:12 INFO Executor: Finished task 0.0 in stage 31.0 (TID 26). 1477 bytes result sent to driver
20/11/07 16:02:12 INFO Executor: Finished task 1.0 in stage 31.0 (TID 27). 1472 bytes result sent to driver
20/11/07 16:02:12 INFO TaskSetManager: Finished task 0.0 in stage 31.0 (TID 26) in 4 ms on localhost (1/2)
20/11/07 16:02:12 INFO TaskSetManager: Finished task 1.0 in stage 31.0 (TID 27) in 3 ms on localhost (2/2)
20/11/07 16:02:12 INFO TaskSchedulerImpl: Removed TaskSet 31.0, whose tasks have all completed, from pool 
20/11/07 16:02:12 INFO DAGScheduler: ResultStage 31 (collect at Partition.scala:56) finished in 0.003 s
20/11/07 16:02:12 INFO DAGScheduler: Job 0 finished: collect at Partition.scala:56, took 0.792313 s
(100,7)
(82,4)
(118,12)
(90,2)
(88,7)
(101,7)
(105,7)
(125,15)
(69,2)
(67,1)
20/11/07 16:02:12 INFO SparkContext: Invoking stop() from shutdown hook
20/11/07 16:02:12 INFO SparkUI: Stopped Spark web UI at http://198.202.116.108:4040
20/11/07 16:02:12 INFO DAGScheduler: Stopping DAGScheduler
20/11/07 16:02:12 INFO MapOutputTrackerMasterEndpoint: MapOutputTrackerMasterEndpoint stopped!
20/11/07 16:02:12 INFO MemoryStore: MemoryStore cleared
20/11/07 16:02:12 INFO BlockManager: BlockManager stopped
20/11/07 16:02:12 INFO BlockManagerMaster: BlockManagerMaster stopped
20/11/07 16:02:12 INFO OutputCommitCoordinator$OutputCommitCoordinatorEndpoint: OutputCommitCoordinator stopped!
20/11/07 16:02:12 INFO SparkContext: Successfully stopped SparkContext
20/11/07 16:02:12 INFO ShutdownHookManager: Shutdown hook called
20/11/07 16:02:12 INFO ShutdownHookManager: Deleting directory /tmp/spark-87d192b7-7967-42fc-8872-e9f73bc5bc09
